# JRE version: OpenJDK Runtime Environment (21.0.8) (build 21.0.8+-14196175-b1038.72)
# Java VM: OpenJDK 64-Bit Server VM (21.0.8+-14196175-b1038.72, mixed mode, tiered, compressed oops, compressed class ptrs, g1 gc, windows-amd64)
GC Precious Log:
 CardTable entry size: 512
 Card Set container configuration: InlinePtr #cards 5 size 8 Array Of Cards #cards 12 size 40 Howl #buckets 4 coarsen threshold 1843 Howl Bitmap #cards 512 size 80 coarsen threshold 460 Card regions per heap region 1 cards per card region 2048
 CPUs: 4 total, 4 available
 Memory: 8100M
 Large Page Support: Disabled
 NUMA Support: Disabled
 Compressed Oops: Enabled (32-bit)
 Heap Region Size: 1M
 Heap Min Capacity: 8M
 Heap Initial Capacity: 128M
 Heap Max Capacity: 2G
 Pre-touch: Disabled
 Parallel Workers: 4
 Concurrent Workers: 1
 Concurrent Refinement Workers: 4
 Periodic GC: Disabled
Heap:
 garbage-first heap   total 281600K, used 174562K [0x0000000080000000, 0x0000000100000000)
  region size 1024K, 37 young (37888K), 12 survivors (12288K)
 Metaspace       used 128347K, committed 130560K, reserved 1179648K
  class space    used 18119K, committed 19200K, reserved 1048576K
GC Heap History (20 events):
Event: 31.599 GC heap before
{Heap before GC invocations=53 (full 0):
 garbage-first heap   total 187392K, used 169934K [0x0000000080000000, 0x0000000100000000)
  region size 1024K, 65 young (66560K), 7 survivors (7168K)
 Metaspace       used 120924K, committed 123072K, reserved 1179648K
  class space    used 17079K, committed 18112K, reserved 1048576K
}
Event: 31.608 GC heap after
{Heap after GC invocations=54 (full 0):
 garbage-first heap   total 187392K, used 113450K [0x0000000080000000, 0x0000000100000000)
  region size 1024K, 7 young (7168K), 7 survivors (7168K)
 Metaspace       used 120924K, committed 123072K, reserved 1179648K
  class space    used 17079K, committed 18112K, reserved 1048576K
}
Event: 32.046 GC heap before
{Heap before GC invocations=54 (full 0):
 garbage-first heap   total 187392K, used 169770K [0x0000000080000000, 0x0000000100000000)
  region size 1024K, 62 young (63488K), 7 survivors (7168K)
 Metaspace       used 121544K, committed 123776K, reserved 1179648K
  class space    used 17152K, committed 18240K, reserved 1048576K
}
Event: 32.060 GC heap after
{Heap after GC invocations=55 (full 0):
 garbage-first heap   total 187392K, used 120832K [0x0000000080000000, 0x0000000100000000)
  region size 1024K, 8 young (8192K), 8 survivors (8192K)
 Metaspace       used 121544K, committed 123776K, reserved 1179648K
  class space    used 17152K, committed 18240K, reserved 1048576K
}
Event: 33.125 GC heap before
{Heap before GC invocations=55 (full 0):
 garbage-first heap   total 187392K, used 168960K [0x0000000080000000, 0x0000000100000000)
  region size 1024K, 55 young (56320K), 8 survivors (8192K)
 Metaspace       used 123748K, committed 125952K, reserved 1179648K
  class space    used 17482K, committed 18560K, reserved 1048576K
}
Event: 33.138 GC heap after
{Heap after GC invocations=56 (full 0):
 garbage-first heap   total 187392K, used 129894K [0x0000000080000000, 0x0000000100000000)
  region size 1024K, 7 young (7168K), 7 survivors (7168K)
 Metaspace       used 123748K, committed 125952K, reserved 1179648K
  class space    used 17482K, committed 18560K, reserved 1048576K
}
Event: 33.980 GC heap before
{Heap before GC invocations=57 (full 0):
 garbage-first heap   total 217088K, used 166758K [0x0000000080000000, 0x0000000100000000)
  region size 1024K, 44 young (45056K), 7 survivors (7168K)
 Metaspace       used 123959K, committed 126144K, reserved 1179648K
  class space    used 17495K, committed 18560K, reserved 1048576K
}
Event: 34.000 GC heap after
{Heap after GC invocations=58 (full 0):
 garbage-first heap   total 217088K, used 135891K [0x0000000080000000, 0x0000000100000000)
  region size 1024K, 5 young (5120K), 5 survivors (5120K)
 Metaspace       used 123959K, committed 126144K, reserved 1179648K
  class space    used 17495K, committed 18560K, reserved 1048576K
}
Event: 35.357 GC heap before
{Heap before GC invocations=58 (full 0):
 garbage-first heap   total 217088K, used 194259K [0x0000000080000000, 0x0000000100000000)
  region size 1024K, 63 young (64512K), 5 survivors (5120K)
 Metaspace       used 124272K, committed 126464K, reserved 1179648K
  class space    used 17568K, committed 18624K, reserved 1048576K
}
Event: 35.379 GC heap after
{Heap after GC invocations=59 (full 0):
 garbage-first heap   total 217088K, used 137719K [0x0000000080000000, 0x0000000100000000)
  region size 1024K, 5 young (5120K), 5 survivors (5120K)
 Metaspace       used 124272K, committed 126464K, reserved 1179648K
  class space    used 17568K, committed 18624K, reserved 1048576K
}
Event: 36.169 GC heap before
{Heap before GC invocations=59 (full 0):
 garbage-first heap   total 217088K, used 195063K [0x0000000080000000, 0x0000000100000000)
  region size 1024K, 62 young (63488K), 5 survivors (5120K)
 Metaspace       used 124504K, committed 126720K, reserved 1179648K
  class space    used 17602K, committed 18688K, reserved 1048576K
}
Event: 36.178 GC heap after
{Heap after GC invocations=60 (full 0):
 garbage-first heap   total 217088K, used 139904K [0x0000000080000000, 0x0000000100000000)
  region size 1024K, 7 young (7168K), 7 survivors (7168K)
 Metaspace       used 124504K, committed 126720K, reserved 1179648K
  class space    used 17602K, committed 18688K, reserved 1048576K
}
Event: 36.659 GC heap before
{Heap before GC invocations=61 (full 0):
 garbage-first heap   total 234496K, used 196224K [0x0000000080000000, 0x0000000100000000)
  region size 1024K, 63 young (64512K), 7 survivors (7168K)
 Metaspace       used 124608K, committed 126848K, reserved 1179648K
  class space    used 17613K, committed 18688K, reserved 1048576K
}
Event: 36.668 GC heap after
{Heap after GC invocations=62 (full 0):
 garbage-first heap   total 234496K, used 142551K [0x0000000080000000, 0x0000000100000000)
  region size 1024K, 5 young (5120K), 5 survivors (5120K)
 Metaspace       used 124608K, committed 126848K, reserved 1179648K
  class space    used 17613K, committed 18688K, reserved 1048576K
}
Event: 37.248 GC heap before
{Heap before GC invocations=62 (full 0):
 garbage-first heap   total 234496K, used 211159K [0x0000000080000000, 0x0000000100000000)
  region size 1024K, 73 young (74752K), 5 survivors (5120K)
 Metaspace       used 124911K, committed 127168K, reserved 1179648K
  class space    used 17655K, committed 18752K, reserved 1048576K
}
Event: 37.255 GC heap after
{Heap after GC invocations=63 (full 0):
 garbage-first heap   total 281600K, used 142583K [0x0000000080000000, 0x0000000100000000)
  region size 1024K, 7 young (7168K), 7 survivors (7168K)
 Metaspace       used 124911K, committed 127168K, reserved 1179648K
  class space    used 17655K, committed 18752K, reserved 1048576K
}
Event: 39.370 GC heap before
{Heap before GC invocations=63 (full 0):
 garbage-first heap   total 281600K, used 247031K [0x0000000080000000, 0x0000000100000000)
  region size 1024K, 110 young (112640K), 7 survivors (7168K)
 Metaspace       used 126952K, committed 129216K, reserved 1179648K
  class space    used 17919K, committed 19008K, reserved 1048576K
}
Event: 39.378 GC heap after
{Heap after GC invocations=64 (full 0):
 garbage-first heap   total 281600K, used 145530K [0x0000000080000000, 0x0000000100000000)
  region size 1024K, 10 young (10240K), 10 survivors (10240K)
 Metaspace       used 126952K, committed 129216K, reserved 1179648K
  class space    used 17919K, committed 19008K, reserved 1048576K
}
Event: 40.199 GC heap before
{Heap before GC invocations=64 (full 0):
 garbage-first heap   total 281600K, used 254074K [0x0000000080000000, 0x0000000100000000)
  region size 1024K, 117 young (119808K), 10 survivors (10240K)
 Metaspace       used 128335K, committed 130560K, reserved 1179648K
  class space    used 18119K, committed 19200K, reserved 1048576K
}
Event: 40.209 GC heap after
{Heap after GC invocations=65 (full 0):
 garbage-first heap   total 281600K, used 149986K [0x0000000080000000, 0x0000000100000000)
  region size 1024K, 12 young (12288K), 12 survivors (12288K)
 Metaspace       used 128335K, committed 130560K, reserved 1179648K
  class space    used 18119K, committed 19200K, reserved 1048576K
}

