# JRE version: OpenJDK Runtime Environment (21.0.8) (build 21.0.8+-14196175-b1038.72)
# Java VM: OpenJDK 64-Bit Server VM (21.0.8+-14196175-b1038.72, mixed mode, tiered, compressed oops, compressed class ptrs, g1 gc, windows-amd64)
GC Precious Log:
 CardTable entry size: 512
 Card Set container configuration: InlinePtr #cards 5 size 8 Array Of Cards #cards 12 size 40 Howl #buckets 4 coarsen threshold 1843 Howl Bitmap #cards 512 size 80 coarsen threshold 460 Card regions per heap region 1 cards per card region 2048
 CPUs: 4 total, 4 available
 Memory: 8100M
 Large Page Support: Disabled
 NUMA Support: Disabled
 Compressed Oops: Enabled (32-bit)
 Heap Region Size: 1M
 Heap Min Capacity: 8M
 Heap Initial Capacity: 128M
 Heap Max Capacity: 2G
 Pre-touch: Disabled
 Parallel Workers: 4
 Concurrent Workers: 1
 Concurrent Refinement Workers: 4
 Periodic GC: Disabled
Heap:
 garbage-first heap   total 275456K, used 208745K [0x0000000080000000, 0x0000000100000000)
  region size 1024K, 49 young (50176K), 5 survivors (5120K)
 Metaspace       used 128586K, committed 130944K, reserved 1179648K
  class space    used 18123K, committed 19264K, reserved 1048576K
GC Heap History (20 events):
Event: 26.830 GC heap before
{Heap before GC invocations=53 (full 0):
 garbage-first heap   total 195584K, used 175216K [0x0000000080000000, 0x0000000100000000)
  region size 1024K, 69 young (70656K), 8 survivors (8192K)
 Metaspace       used 121580K, committed 123776K, reserved 1179648K
  class space    used 17135K, committed 18176K, reserved 1048576K
}
Event: 26.841 GC heap after
{Heap after GC invocations=54 (full 0):
 garbage-first heap   total 195584K, used 118613K [0x0000000080000000, 0x0000000100000000)
  region size 1024K, 9 young (9216K), 9 survivors (9216K)
 Metaspace       used 121580K, committed 123776K, reserved 1179648K
  class space    used 17135K, committed 18176K, reserved 1048576K
}
Event: 28.253 GC heap before
{Heap before GC invocations=54 (full 0):
 garbage-first heap   total 195584K, used 174933K [0x0000000080000000, 0x0000000100000000)
  region size 1024K, 64 young (65536K), 9 survivors (9216K)
 Metaspace       used 123854K, committed 126144K, reserved 1179648K
  class space    used 17466K, committed 18560K, reserved 1048576K
}
Event: 28.269 GC heap after
{Heap after GC invocations=55 (full 0):
 garbage-first heap   total 196608K, used 127711K [0x0000000080000000, 0x0000000100000000)
  region size 1024K, 8 young (8192K), 8 survivors (8192K)
 Metaspace       used 123854K, committed 126144K, reserved 1179648K
  class space    used 17466K, committed 18560K, reserved 1048576K
}
Event: 29.329 GC heap before
{Heap before GC invocations=55 (full 0):
 garbage-first heap   total 196608K, used 175839K [0x0000000080000000, 0x0000000100000000)
  region size 1024K, 56 young (57344K), 8 survivors (8192K)
 Metaspace       used 124056K, committed 126272K, reserved 1179648K
  class space    used 17479K, committed 18560K, reserved 1048576K
}
Event: 29.342 GC heap after
{Heap after GC invocations=56 (full 0):
 garbage-first heap   total 196608K, used 133943K [0x0000000080000000, 0x0000000100000000)
  region size 1024K, 6 young (6144K), 6 survivors (6144K)
 Metaspace       used 124056K, committed 126272K, reserved 1179648K
  class space    used 17479K, committed 18560K, reserved 1048576K
}
Event: 30.268 GC heap before
{Heap before GC invocations=57 (full 0):
 garbage-first heap   total 224256K, used 176951K [0x0000000080000000, 0x0000000100000000)
  region size 1024K, 49 young (50176K), 6 survivors (6144K)
 Metaspace       used 124066K, committed 126272K, reserved 1179648K
  class space    used 17480K, committed 18560K, reserved 1048576K
}
Event: 30.274 GC heap after
{Heap after GC invocations=58 (full 0):
 garbage-first heap   total 224256K, used 136285K [0x0000000080000000, 0x0000000100000000)
  region size 1024K, 5 young (5120K), 5 survivors (5120K)
 Metaspace       used 124066K, committed 126272K, reserved 1179648K
  class space    used 17480K, committed 18560K, reserved 1048576K
}
Event: 31.441 GC heap before
{Heap before GC invocations=58 (full 0):
 garbage-first heap   total 224256K, used 200797K [0x0000000080000000, 0x0000000100000000)
  region size 1024K, 69 young (70656K), 5 survivors (5120K)
 Metaspace       used 124621K, committed 126848K, reserved 1179648K
  class space    used 17586K, committed 18624K, reserved 1048576K
}
Event: 31.449 GC heap after
{Heap after GC invocations=59 (full 0):
 garbage-first heap   total 224256K, used 137063K [0x0000000080000000, 0x0000000100000000)
  region size 1024K, 7 young (7168K), 7 survivors (7168K)
 Metaspace       used 124621K, committed 126848K, reserved 1179648K
  class space    used 17586K, committed 18624K, reserved 1048576K
}
Event: 32.324 GC heap before
{Heap before GC invocations=59 (full 0):
 garbage-first heap   total 224256K, used 202599K [0x0000000080000000, 0x0000000100000000)
  region size 1024K, 72 young (73728K), 7 survivors (7168K)
 Metaspace       used 124736K, committed 126976K, reserved 1179648K
  class space    used 17597K, committed 18688K, reserved 1048576K
}
Event: 32.332 GC heap after
{Heap after GC invocations=60 (full 0):
 garbage-first heap   total 224256K, used 139264K [0x0000000080000000, 0x0000000100000000)
  region size 1024K, 5 young (5120K), 5 survivors (5120K)
 Metaspace       used 124736K, committed 126976K, reserved 1179648K
  class space    used 17597K, committed 18688K, reserved 1048576K
}
Event: 34.277 GC heap before
{Heap before GC invocations=61 (full 0):
 garbage-first heap   total 232448K, used 203776K [0x0000000080000000, 0x0000000100000000)
  region size 1024K, 69 young (70656K), 5 survivors (5120K)
 Metaspace       used 125046K, committed 127296K, reserved 1179648K
  class space    used 17642K, committed 18752K, reserved 1048576K
}
Event: 34.288 GC heap after
{Heap after GC invocations=62 (full 0):
 garbage-first heap   total 232448K, used 141910K [0x0000000080000000, 0x0000000100000000)
  region size 1024K, 6 young (6144K), 6 survivors (6144K)
 Metaspace       used 125046K, committed 127296K, reserved 1179648K
  class space    used 17642K, committed 18752K, reserved 1048576K
}
Event: 35.332 GC heap before
{Heap before GC invocations=62 (full 0):
 garbage-first heap   total 232448K, used 210518K [0x0000000080000000, 0x0000000100000000)
  region size 1024K, 74 young (75776K), 6 survivors (6144K)
 Metaspace       used 125683K, committed 128000K, reserved 1179648K
  class space    used 17756K, committed 18880K, reserved 1048576K
}
Event: 35.353 GC heap after
{Heap after GC invocations=63 (full 0):
 garbage-first heap   total 240640K, used 160250K [0x0000000080000000, 0x0000000100000000)
  region size 1024K, 10 young (10240K), 10 survivors (10240K)
 Metaspace       used 125683K, committed 128000K, reserved 1179648K
  class space    used 17756K, committed 18880K, reserved 1048576K
}
Event: 36.424 GC heap before
{Heap before GC invocations=63 (full 0):
 garbage-first heap   total 240640K, used 207354K [0x0000000080000000, 0x0000000100000000)
  region size 1024K, 57 young (58368K), 10 survivors (10240K)
 Metaspace       used 128109K, committed 130432K, reserved 1179648K
  class space    used 18044K, committed 19200K, reserved 1048576K
}
Event: 36.439 GC heap after
{Heap after GC invocations=64 (full 0):
 garbage-first heap   total 240640K, used 164211K [0x0000000080000000, 0x0000000100000000)
  region size 1024K, 8 young (8192K), 8 survivors (8192K)
 Metaspace       used 128109K, committed 130432K, reserved 1179648K
  class space    used 18044K, committed 19200K, reserved 1048576K
}
Event: 38.196 GC heap before
{Heap before GC invocations=65 (full 0):
 garbage-first heap   total 275456K, used 209267K [0x0000000080000000, 0x0000000100000000)
  region size 1024K, 53 young (54272K), 8 survivors (8192K)
 Metaspace       used 128542K, committed 130880K, reserved 1179648K
  class space    used 18119K, committed 19264K, reserved 1048576K
}
Event: 38.205 GC heap after
{Heap after GC invocations=66 (full 0):
 garbage-first heap   total 275456K, used 164713K [0x0000000080000000, 0x0000000100000000)
  region size 1024K, 5 young (5120K), 5 survivors (5120K)
 Metaspace       used 128542K, committed 130880K, reserved 1179648K
  class space    used 18119K, committed 19264K, reserved 1048576K
}

